Arguments: 
  C:\Program Files\nodejs\node.exe C:\usr\local\node_modules\yarn\bin\yarn.js add angular2-wizard --save

PATH: 
  C:\ProgramData\Oracle\Java\javapath;C:\Windows\system32;C:\Windows;C:\Windows\System32\Wbem;C:\Windows\System32\WindowsPowerShell\v1.0\;C:\Program Files (x86)\PuTTY\;C:\Program Files (x86)\Plantronics\Spokes3G SDK\;C:\Program Files\Git\cmd;C:\Program Files\nodejs\;C:\usr\local

Yarn version: 
  1.3.2

Node version: 
  6.10.2

Platform: 
  win32 x64

npm manifest: 
  {
    "name": "InfotelConges",
    "version": "1.0.0",
    "license": "MIT",
    "scripts": {
        "ng": "ng",
        "start": "ng serve",
        "build": "ng build",
        "test": "ng test",
        "lint": "ng lint",
        "e2e": "ng e2e"
    },
    "private": true,
    "dependencies": {
        "@angular/common": "^4.0.0",
        "@angular/compiler": "^4.0.0",
        "@angular/core": "^4.0.0",
        "@angular/forms": "^4.0.0",
        "@angular/http": "^4.0.0",
        "@angular/platform-browser": "^4.0.0",
        "@angular/platform-browser-dynamic": "^4.0.0",
        "@angular/router": "^4.0.0",
        "arrive": "^2.4.1",
        "bootstrap": "^3.3.7",
        "bootstrap-notify": "3.1.3",
        "chartist": "^0.11.0",
        "core-js": "^2.4.1",
        "googleapis": "19.0.0",
        "jquery": "^3.2.1",
        "rxjs": "^5.1.0",
        "zone.js": "^0.8.4"
    },
    "devDependencies": {
       "@angular/cli": "^1.2.5",
       "@angular/compiler-cli": "^4.0.0",
       "@types/jasmine": "2.5.38",
       "@types/node": "~6.0.60",
       "codelyzer": "~2.0.0",
       "jasmine-core": "~2.5.2",
       "jasmine-spec-reporter": "~3.2.0",
       "karma": "~1.4.1",
       "karma-chrome-launcher": "~2.0.0",
       "karma-cli": "~1.0.1",
       "karma-jasmine": "~1.1.0",
       "karma-jasmine-html-reporter": "^0.2.2",
       "karma-coverage-istanbul-reporter": "^0.2.0",
       "protractor": "~5.1.0",
       "ts-node": "~2.0.0",
       "tslint": "~4.5.0",
       "typescript": "~2.2.0"
    }
  }

yarn manifest: 
  No manifest

Lockfile: 
  No lockfile

Trace: 
  Error: https://registry.yarnpkg.com/@angular%2fcommon: tunneling socket could not be established, statusCode=407
      at ClientRequest.onConnect (C:\usr\local\node_modules\yarn\lib\cli.js:137324:19)
      at ClientRequest.g (events.js:291:16)
      at emitThree (events.js:116:13)
      at ClientRequest.emit (events.js:194:7)
      at Socket.socketOnData (_http_client.js:394:11)
      at emitOne (events.js:96:13)
      at Socket.emit (events.js:188:7)
      at readableAddChunk (_stream_readable.js:176:18)
      at Socket.Readable.push (_stream_readable.js:134:10)
      at TCP.onread (net.js:551:20)
